<?xml version="1.0" encoding="UTF-8"?>
<testsuite xmlns:xsi="http://www.w3.org/2001/XMLSchema-instance" xsi:noNamespaceSchemaLocation="https://maven.apache.org/surefire/maven-surefire-plugin/xsd/surefire-test-report-3.0.xsd" version="3.0" name="ch.unisg.studybuddy.StudyBuddyApplicationTests" time="2.326" tests="1" errors="0" skipped="0" failures="0">
  <properties>
[...]
</properties>
  <testcase name="contextLoads" classname="ch.unisg.studybuddy.StudyBuddyApplicationTests" time="0.3">
    <system-out><![CDATA[17:40:03.420 [main] INFO org.springframework.test.context.support.AnnotationConfigContextLoaderUtils -- Could not detect default configuration classes for test class [ch.unisg.studybuddy.StudyBuddyApplicationTests]: StudyBuddyApplicationTests does not declare any static, non-private, non-final, nested classes annotated with @Configuration.
17:40:03.457 [main] INFO org.springframework.boot.test.context.SpringBootTestContextBootstrapper -- Found @SpringBootConfiguration ch.unisg.studybuddy.StudyBuddyApplication for test class ch.unisg.studybuddy.StudyBuddyApplicationTests

  .   ____          _            __ _ _
 /\\ / ___'_ __ _ _(_)_ __  __ _ \ \ \ \
( ( )\___ | '_ | '_| | '_ \/ _` | \ \ \ \
 \\/  ___)| |_)| | | | | || (_| |  ) ) ) )
  '  |____| .__|_| |_|_| |_\__, | / / / /
 =========|_|==============|___/=/_/_/_/
 :: Spring Boot ::                (v3.2.1)

2025-12-18T17:40:03.590+01:00  INFO 27137 --- [StudyBuddy] [           main] c.u.s.StudyBuddyApplicationTests         : Starting StudyBuddyApplicationTests using Java 17.0.10 with PID 27137 (started by alpha in /Users/alpha/Desktop/ESS_Finalprojekt/studybuddy)
2025-12-18T17:40:03.591+01:00  INFO 27137 --- [StudyBuddy] [           main] c.u.s.StudyBuddyApplicationTests         : No active profile set, falling back to 1 default profile: "default"
2025-12-18T17:40:03.842+01:00  INFO 27137 --- [StudyBuddy] [           main] .s.d.r.c.RepositoryConfigurationDelegate : Bootstrapping Spring Data JPA repositories in DEFAULT mode.
2025-12-18T17:40:03.870+01:00  INFO 27137 --- [StudyBuddy] [           main] .s.d.r.c.RepositoryConfigurationDelegate : Finished Spring Data repository scanning in 25 ms. Found 6 JPA repository interfaces.
2025-12-18T17:40:04.048+01:00  INFO 27137 --- [StudyBuddy] [           main] o.hibernate.jpa.internal.util.LogHelper  : HHH000204: Processing PersistenceUnitInfo [name: default]
2025-12-18T17:40:04.069+01:00  INFO 27137 --- [StudyBuddy] [           main] org.hibernate.Version                    : HHH000412: Hibernate ORM core version 6.4.1.Final
2025-12-18T17:40:04.081+01:00  INFO 27137 --- [StudyBuddy] [           main] o.h.c.internal.RegionFactoryInitiator    : HHH000026: Second-level cache disabled
2025-12-18T17:40:04.168+01:00  INFO 27137 --- [StudyBuddy] [           main] o.s.o.j.p.SpringPersistenceUnitInfo      : No LoadTimeWeaver setup: ignoring JPA class transformer
2025-12-18T17:40:04.177+01:00  INFO 27137 --- [StudyBuddy] [           main] com.zaxxer.hikari.HikariDataSource       : HikariPool-1 - Starting...
2025-12-18T17:40:04.245+01:00  INFO 27137 --- [StudyBuddy] [           main] com.zaxxer.hikari.pool.HikariPool        : HikariPool-1 - Added connection conn0: url=jdbc:h2:mem:studybuddy user=SA
2025-12-18T17:40:04.246+01:00  INFO 27137 --- [StudyBuddy] [           main] com.zaxxer.hikari.HikariDataSource       : HikariPool-1 - Start completed.
2025-12-18T17:40:04.255+01:00  WARN 27137 --- [StudyBuddy] [           main] org.hibernate.orm.deprecation            : HHH90000025: H2Dialect does not need to be specified explicitly using 'hibernate.dialect' (remove the property setting and it will be selected by default)
2025-12-18T17:40:04.649+01:00  INFO 27137 --- [StudyBuddy] [           main] o.h.e.t.j.p.i.JtaPlatformInitiator       : HHH000489: No JTA platform available (set 'hibernate.transaction.jta.platform' to enable JTA platform integration)
Hibernate: drop table if exists course_notes cascade 
Hibernate: drop table if exists course_preferences cascade 
Hibernate: drop table if exists courses cascade 
Hibernate: drop table if exists student_profiles cascade 
Hibernate: drop table if exists study_sessions cascade 
Hibernate: drop table if exists tasks cascade 
Hibernate: create table course_notes (course_id bigint unique, id bigint generated by default as identity, last_updated timestamp(6), key_points varchar(2000), summary varchar(5000), primary key (id))
Hibernate: create table course_preferences (notifications_enabled boolean not null, preferred_daily_workload_minutes integer not null check (preferred_daily_workload_minutes>=0), priority_level integer not null, course_id bigint unique, id bigint generated by default as identity, primary key (id))
Hibernate: create table courses (id bigint generated by default as identity, student_profile_id bigint, term varchar(50), instructor varchar(100), description varchar(500), title varchar(255) not null, primary key (id))
Hibernate: create table student_profiles (id bigint generated by default as identity, locale varchar(10), settings varchar(500), email varchar(255) not null unique, name varchar(255) not null, primary key (id))
Hibernate: create table study_sessions (completed boolean not null, duration_minutes integer not null check (duration_minutes>=1), course_id bigint not null, id bigint generated by default as identity, start_time timestamp(6) not null, location varchar(200), notes varchar(500), primary key (id))
Hibernate: create table tasks (completed boolean not null, due_date date, estimated_effort_hours integer not null check ((estimated_effort_hours<=100) and (estimated_effort_hours>=1)), course_id bigint not null, id bigint generated by default as identity, description varchar(1000), task_type varchar(255) not null check (task_type in ('READING','EXERCISE','PROJECT','EXAM_PREP','ASSIGNMENT','OTHER')), title varchar(255) not null, primary key (id))
Hibernate: alter table if exists course_notes add constraint FKpow6yhy66oiwhum6p5chh1l0c foreign key (course_id) references courses
Hibernate: alter table if exists course_preferences add constraint FKmwjyl2r65v7ruvyb5ftff7nov foreign key (course_id) references courses
Hibernate: alter table if exists courses add constraint FK1te2wyqy5ac3cnht7wece8n9f foreign key (student_profile_id) references student_profiles
Hibernate: alter table if exists study_sessions add constraint FKp78fb7f23chrj72ljjg41xabo foreign key (course_id) references courses
Hibernate: alter table if exists tasks add constraint FKopldg47bgaarlampi2f6wees3 foreign key (course_id) references courses
2025-12-18T17:40:04.675+01:00  INFO 27137 --- [StudyBuddy] [           main] j.LocalContainerEntityManagerFactoryBean : Initialized JPA EntityManagerFactory for persistence unit 'default'
2025-12-18T17:40:04.824+01:00  INFO 27137 --- [StudyBuddy] [           main] o.s.d.j.r.query.QueryEnhancerFactory     : Hibernate is in classpath; If applicable, HQL parser will be used.
2025-12-18T17:40:05.148+01:00  WARN 27137 --- [StudyBuddy] [           main] JpaBaseConfiguration$JpaWebConfiguration : spring.jpa.open-in-view is enabled by default. Therefore, database queries may be performed during view rendering. Explicitly configure spring.jpa.open-in-view to disable this warning
2025-12-18T17:40:05.270+01:00  INFO 27137 --- [StudyBuddy] [           main] o.s.b.a.h2.H2ConsoleAutoConfiguration    : H2 console available at '/h2-console'. Database available at 'jdbc:h2:mem:studybuddy'
2025-12-18T17:40:05.295+01:00  INFO 27137 --- [StudyBuddy] [           main] c.u.s.StudyBuddyApplicationTests         : Started StudyBuddyApplicationTests in 1.792 seconds (process running for 2.202)
Hibernate: select count(*) from student_profiles sp1_0
2025-12-18T17:40:05.329+01:00  INFO 27137 --- [StudyBuddy] [           main] ch.unisg.studybuddy.DataInitializer      : Initializing database with sample data...
Hibernate: insert into student_profiles (email,locale,name,settings,id) values (?,?,?,?,default)
Hibernate: insert into courses (description,instructor,student_profile_id,term,title,id) values (?,?,?,?,?,default)
Hibernate: insert into courses (description,instructor,student_profile_id,term,title,id) values (?,?,?,?,?,default)
Hibernate: insert into courses (description,instructor,student_profile_id,term,title,id) values (?,?,?,?,?,default)
Hibernate: insert into courses (description,instructor,student_profile_id,term,title,id) values (?,?,?,?,?,default)
Hibernate: insert into course_preferences (course_id,notifications_enabled,preferred_daily_workload_minutes,priority_level,id) values (?,?,?,?,default)
Hibernate: insert into course_preferences (course_id,notifications_enabled,preferred_daily_workload_minutes,priority_level,id) values (?,?,?,?,default)
Hibernate: insert into course_preferences (course_id,notifications_enabled,preferred_daily_workload_minutes,priority_level,id) values (?,?,?,?,default)
Hibernate: insert into course_preferences (course_id,notifications_enabled,preferred_daily_workload_minutes,priority_level,id) values (?,?,?,?,default)
Hibernate: insert into course_notes (course_id,key_points,last_updated,summary,id) values (?,?,?,?,default)
Hibernate: insert into course_notes (course_id,key_points,last_updated,summary,id) values (?,?,?,?,default)
Hibernate: insert into tasks (completed,course_id,description,due_date,estimated_effort_hours,task_type,title,id) values (?,?,?,?,?,?,?,default)
Hibernate: insert into tasks (completed,course_id,description,due_date,estimated_effort_hours,task_type,title,id) values (?,?,?,?,?,?,?,default)
Hibernate: insert into tasks (completed,course_id,description,due_date,estimated_effort_hours,task_type,title,id) values (?,?,?,?,?,?,?,default)
Hibernate: insert into tasks (completed,course_id,description,due_date,estimated_effort_hours,task_type,title,id) values (?,?,?,?,?,?,?,default)
Hibernate: insert into tasks (completed,course_id,description,due_date,estimated_effort_hours,task_type,title,id) values (?,?,?,?,?,?,?,default)
Hibernate: insert into tasks (completed,course_id,description,due_date,estimated_effort_hours,task_type,title,id) values (?,?,?,?,?,?,?,default)
Hibernate: insert into tasks (completed,course_id,description,due_date,estimated_effort_hours,task_type,title,id) values (?,?,?,?,?,?,?,default)
Hibernate: insert into tasks (completed,course_id,description,due_date,estimated_effort_hours,task_type,title,id) values (?,?,?,?,?,?,?,default)
Hibernate: insert into tasks (completed,course_id,description,due_date,estimated_effort_hours,task_type,title,id) values (?,?,?,?,?,?,?,default)
Hibernate: insert into tasks (completed,course_id,description,due_date,estimated_effort_hours,task_type,title,id) values (?,?,?,?,?,?,?,default)
Hibernate: insert into study_sessions (completed,course_id,duration_minutes,location,notes,start_time,id) values (?,?,?,?,?,?,default)
Hibernate: insert into study_sessions (completed,course_id,duration_minutes,location,notes,start_time,id) values (?,?,?,?,?,?,default)
Hibernate: insert into study_sessions (completed,course_id,duration_minutes,location,notes,start_time,id) values (?,?,?,?,?,?,default)
Hibernate: insert into study_sessions (completed,course_id,duration_minutes,location,notes,start_time,id) values (?,?,?,?,?,?,default)
Hibernate: insert into study_sessions (completed,course_id,duration_minutes,location,notes,start_time,id) values (?,?,?,?,?,?,default)
Hibernate: insert into study_sessions (completed,course_id,duration_minutes,location,notes,start_time,id) values (?,?,?,?,?,?,default)
Hibernate: insert into study_sessions (completed,course_id,duration_minutes,location,notes,start_time,id) values (?,?,?,?,?,?,default)
2025-12-18T17:40:05.372+01:00  INFO 27137 --- [StudyBuddy] [           main] ch.unisg.studybuddy.DataInitializer      : Sample data initialization complete!
Hibernate: select count(*) from tasks t1_0
Hibernate: select count(*) from study_sessions ss1_0
2025-12-18T17:40:05.374+01:00  INFO 27137 --- [StudyBuddy] [           main] ch.unisg.studybuddy.DataInitializer      : Created: 1 student, 4 courses, 10 tasks, 7 study sessions
]]></system-out>
  </testcase>
</testsuite>