<?xml version="1.0" encoding="UTF-8"?>
<testsuite xmlns:xsi="http://www.w3.org/2001/XMLSchema-instance" xsi:noNamespaceSchemaLocation="https://maven.apache.org/surefire/maven-surefire-plugin/xsd/surefire-test-report-3.0.xsd" version="3.0" name="ch.unisg.studybuddy.service.TaskServiceTest" time="0.093" tests="11" errors="0" skipped="0" failures="0">
  <properties>
[...]
</properties>
  <testcase name="testTaskPrioritization_CloserDueDate_HigherPriority" classname="ch.unisg.studybuddy.service.TaskServiceTest" time="0.026">
    <system-out><![CDATA[2025-12-18T17:40:05.686+01:00  INFO 27137 --- [StudyBuddy] [           main] t.c.s.AnnotationConfigContextLoaderUtils : Could not detect default configuration classes for test class [ch.unisg.studybuddy.service.TaskServiceTest]: TaskServiceTest does not declare any static, non-private, non-final, nested classes annotated with @Configuration.
2025-12-18T17:40:05.690+01:00  INFO 27137 --- [StudyBuddy] [           main] .b.t.c.SpringBootTestContextBootstrapper : Found @SpringBootConfiguration ch.unisg.studybuddy.StudyBuddyApplication for test class ch.unisg.studybuddy.service.TaskServiceTest
Hibernate: insert into student_profiles (email,locale,name,settings,id) values (?,?,?,?,default)
Hibernate: insert into courses (description,instructor,student_profile_id,term,title,id) values (?,?,?,?,?,default)
Hibernate: insert into tasks (completed,course_id,description,due_date,estimated_effort_hours,task_type,title,id) values (?,?,?,?,?,?,?,default)
Hibernate: insert into tasks (completed,course_id,description,due_date,estimated_effort_hours,task_type,title,id) values (?,?,?,?,?,?,?,default)
Hibernate: select t1_0.id,t1_0.completed,t1_0.course_id,t1_0.description,t1_0.due_date,t1_0.estimated_effort_hours,t1_0.task_type,t1_0.title from tasks t1_0 left join courses c1_0 on c1_0.id=t1_0.course_id where c1_0.id=? and t1_0.completed=?
]]></system-out>
  </testcase>
  <testcase name="testTaskPrioritization_NoDueDate_LowerPriority" classname="ch.unisg.studybuddy.service.TaskServiceTest" time="0.006">
    <system-out><![CDATA[Hibernate: insert into student_profiles (email,locale,name,settings,id) values (?,?,?,?,default)
Hibernate: insert into courses (description,instructor,student_profile_id,term,title,id) values (?,?,?,?,?,default)
Hibernate: insert into tasks (completed,course_id,description,due_date,estimated_effort_hours,task_type,title,id) values (?,?,?,?,?,?,?,default)
Hibernate: insert into tasks (completed,course_id,description,due_date,estimated_effort_hours,task_type,title,id) values (?,?,?,?,?,?,?,default)
Hibernate: select t1_0.id,t1_0.completed,t1_0.course_id,t1_0.description,t1_0.due_date,t1_0.estimated_effort_hours,t1_0.task_type,t1_0.title from tasks t1_0 left join courses c1_0 on c1_0.id=t1_0.course_id where c1_0.id=? and t1_0.completed=?
]]></system-out>
  </testcase>
  <testcase name="testTaskPrioritization_ExcludesCompletedTasks" classname="ch.unisg.studybuddy.service.TaskServiceTest" time="0.005">
    <system-out><![CDATA[Hibernate: insert into student_profiles (email,locale,name,settings,id) values (?,?,?,?,default)
Hibernate: insert into courses (description,instructor,student_profile_id,term,title,id) values (?,?,?,?,?,default)
Hibernate: insert into tasks (completed,course_id,description,due_date,estimated_effort_hours,task_type,title,id) values (?,?,?,?,?,?,?,default)
Hibernate: insert into tasks (completed,course_id,description,due_date,estimated_effort_hours,task_type,title,id) values (?,?,?,?,?,?,?,default)
Hibernate: select t1_0.id,t1_0.completed,t1_0.course_id,t1_0.description,t1_0.due_date,t1_0.estimated_effort_hours,t1_0.task_type,t1_0.title from tasks t1_0 left join courses c1_0 on c1_0.id=t1_0.course_id where c1_0.id=? and t1_0.completed=?
]]></system-out>
  </testcase>
  <testcase name="testProgressRollup_MixedCompletion_ReturnsCorrectPercentage" classname="ch.unisg.studybuddy.service.TaskServiceTest" time="0.012">
    <system-out><![CDATA[Hibernate: insert into student_profiles (email,locale,name,settings,id) values (?,?,?,?,default)
Hibernate: insert into courses (description,instructor,student_profile_id,term,title,id) values (?,?,?,?,?,default)
Hibernate: insert into tasks (completed,course_id,description,due_date,estimated_effort_hours,task_type,title,id) values (?,?,?,?,?,?,?,default)
Hibernate: insert into tasks (completed,course_id,description,due_date,estimated_effort_hours,task_type,title,id) values (?,?,?,?,?,?,?,default)
Hibernate: insert into tasks (completed,course_id,description,due_date,estimated_effort_hours,task_type,title,id) values (?,?,?,?,?,?,?,default)
Hibernate: insert into tasks (completed,course_id,description,due_date,estimated_effort_hours,task_type,title,id) values (?,?,?,?,?,?,?,default)
Hibernate: select count(t1_0.id) from tasks t1_0 where t1_0.course_id=?
Hibernate: select count(t1_0.id) from tasks t1_0 where t1_0.course_id=? and t1_0.completed=true
]]></system-out>
  </testcase>
  <testcase name="testTaskPrioritization_PriorityScoreCalculation" classname="ch.unisg.studybuddy.service.TaskServiceTest" time="0.003">
    <system-out><![CDATA[Hibernate: insert into student_profiles (email,locale,name,settings,id) values (?,?,?,?,default)
Hibernate: insert into courses (description,instructor,student_profile_id,term,title,id) values (?,?,?,?,?,default)
]]></system-out>
  </testcase>
  <testcase name="testProgressRollup_NoneCompleted_ReturnsZeroPercent" classname="ch.unisg.studybuddy.service.TaskServiceTest" time="0.006">
    <system-out><![CDATA[Hibernate: insert into student_profiles (email,locale,name,settings,id) values (?,?,?,?,default)
Hibernate: insert into courses (description,instructor,student_profile_id,term,title,id) values (?,?,?,?,?,default)
Hibernate: insert into tasks (completed,course_id,description,due_date,estimated_effort_hours,task_type,title,id) values (?,?,?,?,?,?,?,default)
Hibernate: insert into tasks (completed,course_id,description,due_date,estimated_effort_hours,task_type,title,id) values (?,?,?,?,?,?,?,default)
Hibernate: insert into tasks (completed,course_id,description,due_date,estimated_effort_hours,task_type,title,id) values (?,?,?,?,?,?,?,default)
Hibernate: select count(t1_0.id) from tasks t1_0 where t1_0.course_id=?
Hibernate: select count(t1_0.id) from tasks t1_0 where t1_0.course_id=? and t1_0.completed=true
]]></system-out>
  </testcase>
  <testcase name="testTaskPrioritization_HigherEffort_HigherPriority" classname="ch.unisg.studybuddy.service.TaskServiceTest" time="0.004">
    <system-out><![CDATA[Hibernate: insert into student_profiles (email,locale,name,settings,id) values (?,?,?,?,default)
Hibernate: insert into courses (description,instructor,student_profile_id,term,title,id) values (?,?,?,?,?,default)
Hibernate: insert into tasks (completed,course_id,description,due_date,estimated_effort_hours,task_type,title,id) values (?,?,?,?,?,?,?,default)
Hibernate: insert into tasks (completed,course_id,description,due_date,estimated_effort_hours,task_type,title,id) values (?,?,?,?,?,?,?,default)
Hibernate: select t1_0.id,t1_0.completed,t1_0.course_id,t1_0.description,t1_0.due_date,t1_0.estimated_effort_hours,t1_0.task_type,t1_0.title from tasks t1_0 left join courses c1_0 on c1_0.id=t1_0.course_id where c1_0.id=? and t1_0.completed=?
]]></system-out>
  </testcase>
  <testcase name="testProgressRollup_OneOfThree_ReturnsCorrectPercentage" classname="ch.unisg.studybuddy.service.TaskServiceTest" time="0.004">
    <system-out><![CDATA[Hibernate: insert into student_profiles (email,locale,name,settings,id) values (?,?,?,?,default)
Hibernate: insert into courses (description,instructor,student_profile_id,term,title,id) values (?,?,?,?,?,default)
Hibernate: insert into tasks (completed,course_id,description,due_date,estimated_effort_hours,task_type,title,id) values (?,?,?,?,?,?,?,default)
Hibernate: insert into tasks (completed,course_id,description,due_date,estimated_effort_hours,task_type,title,id) values (?,?,?,?,?,?,?,default)
Hibernate: insert into tasks (completed,course_id,description,due_date,estimated_effort_hours,task_type,title,id) values (?,?,?,?,?,?,?,default)
Hibernate: select count(t1_0.id) from tasks t1_0 where t1_0.course_id=?
Hibernate: select count(t1_0.id) from tasks t1_0 where t1_0.course_id=? and t1_0.completed=true
]]></system-out>
  </testcase>
  <testcase name="testProgressRollup_EmptyCourse_ReturnsZeroPercent" classname="ch.unisg.studybuddy.service.TaskServiceTest" time="0.003">
    <system-out><![CDATA[Hibernate: insert into student_profiles (email,locale,name,settings,id) values (?,?,?,?,default)
Hibernate: insert into courses (description,instructor,student_profile_id,term,title,id) values (?,?,?,?,?,default)
Hibernate: select count(t1_0.id) from tasks t1_0 where t1_0.course_id=?
Hibernate: select count(t1_0.id) from tasks t1_0 where t1_0.course_id=? and t1_0.completed=true
]]></system-out>
  </testcase>
  <testcase name="testProgressRollup_AllCompleted_Returns100Percent" classname="ch.unisg.studybuddy.service.TaskServiceTest" time="0.005">
    <system-out><![CDATA[Hibernate: insert into student_profiles (email,locale,name,settings,id) values (?,?,?,?,default)
Hibernate: insert into courses (description,instructor,student_profile_id,term,title,id) values (?,?,?,?,?,default)
Hibernate: insert into tasks (completed,course_id,description,due_date,estimated_effort_hours,task_type,title,id) values (?,?,?,?,?,?,?,default)
Hibernate: insert into tasks (completed,course_id,description,due_date,estimated_effort_hours,task_type,title,id) values (?,?,?,?,?,?,?,default)
Hibernate: insert into tasks (completed,course_id,description,due_date,estimated_effort_hours,task_type,title,id) values (?,?,?,?,?,?,?,default)
Hibernate: select count(t1_0.id) from tasks t1_0 where t1_0.course_id=?
Hibernate: select count(t1_0.id) from tasks t1_0 where t1_0.course_id=? and t1_0.completed=true
]]></system-out>
  </testcase>
  <testcase name="testTaskPrioritization_OverdueTasks_HighestPriority" classname="ch.unisg.studybuddy.service.TaskServiceTest" time="0.004">
    <system-out><![CDATA[Hibernate: insert into student_profiles (email,locale,name,settings,id) values (?,?,?,?,default)
Hibernate: insert into courses (description,instructor,student_profile_id,term,title,id) values (?,?,?,?,?,default)
Hibernate: insert into tasks (completed,course_id,description,due_date,estimated_effort_hours,task_type,title,id) values (?,?,?,?,?,?,?,default)
Hibernate: insert into tasks (completed,course_id,description,due_date,estimated_effort_hours,task_type,title,id) values (?,?,?,?,?,?,?,default)
Hibernate: select t1_0.id,t1_0.completed,t1_0.course_id,t1_0.description,t1_0.due_date,t1_0.estimated_effort_hours,t1_0.task_type,t1_0.title from tasks t1_0 left join courses c1_0 on c1_0.id=t1_0.course_id where c1_0.id=? and t1_0.completed=?
]]></system-out>
  </testcase>
</testsuite>